<?xml version="1.0" encoding="UTF-8"?>
<testsuite name="apiTests.Pet" tests="1" skipped="0" failures="0" errors="0" timestamp="2022-09-11T02:55:43" hostname="DESKTOP-2022" time="3.704">
  <properties/>
  <testcase name="consultarPet" classname="apiTests.Pet" time="3.704"/>
  <system-out><![CDATA[Request method:	GET
Request URI:	https://petstore.swagger.io/v2/pet/123459
Proxy:			<none>
Request params:	<none>
Query params:	<none>
Form params:	<none>
Path params:	<none>
Headers:		Accept=*/*
				Content-Type=application/json
Cookies:		<none>
Multiparts:		<none>
Body:			<none>
HTTP/1.1 200 OK
Date: Sun, 11 Sep 2022 02:55:46 GMT
Content-Type: application/json
Transfer-Encoding: chunked
Connection: keep-alive
Access-Control-Allow-Origin: *
Access-Control-Allow-Methods: GET, POST, DELETE, PUT
Access-Control-Allow-Headers: Content-Type, api_key, Authorization
Server: Jetty(9.2.9.v20150224)

{
    "id": 123459,
    "category": {
        "id": 1,
        "name": "dog"
    },
    "name": "spike",
    "photoUrls": [
        "string"
    ],
    "tags": [
        {
            "id": 0,
            "name": "string"
        }
    ],
    "status": "available"
}
]]></system-out>
  <system-err><![CDATA[]]></system-err>
</testsuite>
